2025-08-06 12:14:12,610 - INFO - Fetching books from Open Library API...
2025-08-06 12:14:44,133 - INFO - Fetching books from Open Library API...
2025-08-06 12:14:47,173 - INFO - Fetched 100 books.
2025-08-06 12:14:47,191 - INFO - Books table ensured in database.
2025-08-06 12:14:47,192 - INFO - Inserting books into database...
2025-08-06 12:26:03,799 - INFO - Fetching books from Open Library API...
2025-08-06 12:26:07,410 - INFO - Fetched 100 books.
2025-08-06 12:26:07,415 - INFO - Books table ensured in database.
2025-08-06 12:26:07,416 - INFO - Inserting books into database...
2025-08-06 12:28:42,475 - INFO - Fetching books from Open Library API...
2025-08-06 12:28:45,780 - INFO - Fetched 100 books.
2025-08-06 12:28:45,781 - INFO - Cleaned 100 valid books.
2025-08-06 12:28:45,791 - INFO - Books table ensured in database.
2025-08-06 12:28:45,791 - INFO - Inserting books into database...
2025-08-06 12:30:14,524 - INFO - Fetching books from Open Library API...
2025-08-06 12:30:23,376 - INFO - Fetched 100 books.
2025-08-06 12:30:23,377 - INFO - Cleaned 100 valid books.
2025-08-06 12:30:23,387 - INFO - Database table 'books' created or already exists.
2025-08-06 12:30:23,387 - INFO - Inserting books into database...
2025-08-06 12:30:23,390 - WARNING - Failed to insert book: table books has no column named year
2025-08-06 12:30:23,390 - WARNING - Failed to insert book: table books has no column named year
2025-08-06 12:30:23,390 - WARNING - Failed to insert book: table books has no column named year
2025-08-06 12:30:23,390 - WARNING - Failed to insert book: table books has no column named year
2025-08-06 12:30:23,390 - WARNING - Failed to insert book: table books has no column named year
2025-08-06 12:30:23,390 - WARNING - Failed to insert book: table books has no column named year
2025-08-06 12:30:23,390 - WARNING - Failed to insert book: table books has no column named year
2025-08-06 12:30:23,390 - WARNING - Failed to insert book: table books has no column named year
2025-08-06 12:30:23,391 - WARNING - Failed to insert book: table books has no column named year
2025-08-06 12:30:23,391 - WARNING - Failed to insert book: table books has no column named year
2025-08-06 12:30:23,391 - WARNING - Failed to insert book: table books has no column named year
2025-08-06 12:30:23,391 - WARNING - Failed to insert book: table books has no column named year
2025-08-06 12:30:23,391 - WARNING - Failed to insert book: table books has no column named year
2025-08-06 12:30:23,391 - WARNING - Failed to insert book: table books has no column named year
2025-08-06 12:30:23,391 - WARNING - Failed to insert book: table books has no column named year
2025-08-06 12:30:23,391 - WARNING - Failed to insert book: table books has no column named year
2025-08-06 12:30:23,391 - WARNING - Failed to insert book: table books has no column named year
2025-08-06 12:30:23,391 - WARNING - Failed to insert book: table books has no column named year
2025-08-06 12:30:23,391 - WARNING - Failed to insert book: table books has no column named year
2025-08-06 12:30:23,391 - WARNING - Failed to insert book: table books has no column named year
2025-08-06 12:30:23,391 - WARNING - Failed to insert book: table books has no column named year
2025-08-06 12:30:23,391 - WARNING - Failed to insert book: table books has no column named year
2025-08-06 12:30:23,391 - WARNING - Failed to insert book: table books has no column named year
2025-08-06 12:30:23,391 - WARNING - Failed to insert book: table books has no column named year
2025-08-06 12:30:23,391 - WARNING - Failed to insert book: table books has no column named year
2025-08-06 12:30:23,391 - WARNING - Failed to insert book: table books has no column named year
2025-08-06 12:30:23,391 - WARNING - Failed to insert book: table books has no column named year
2025-08-06 12:30:23,391 - WARNING - Failed to insert book: table books has no column named year
2025-08-06 12:30:23,391 - WARNING - Failed to insert book: table books has no column named year
2025-08-06 12:30:23,391 - WARNING - Failed to insert book: table books has no column named year
2025-08-06 12:30:23,391 - WARNING - Failed to insert book: table books has no column named year
2025-08-06 12:30:23,391 - WARNING - Failed to insert book: table books has no column named year
2025-08-06 12:30:23,391 - WARNING - Failed to insert book: table books has no column named year
2025-08-06 12:30:23,391 - WARNING - Failed to insert book: table books has no column named year
2025-08-06 12:30:23,391 - WARNING - Failed to insert book: table books has no column named year
2025-08-06 12:30:23,391 - WARNING - Failed to insert book: table books has no column named year
2025-08-06 12:30:23,391 - WARNING - Failed to insert book: table books has no column named year
2025-08-06 12:30:23,391 - WARNING - Failed to insert book: table books has no column named year
2025-08-06 12:30:23,391 - WARNING - Failed to insert book: table books has no column named year
2025-08-06 12:30:23,391 - WARNING - Failed to insert book: table books has no column named year
2025-08-06 12:30:23,391 - WARNING - Failed to insert book: table books has no column named year
2025-08-06 12:30:23,391 - WARNING - Failed to insert book: table books has no column named year
2025-08-06 12:30:23,391 - WARNING - Failed to insert book: table books has no column named year
2025-08-06 12:30:23,391 - WARNING - Failed to insert book: table books has no column named year
2025-08-06 12:30:23,391 - WARNING - Failed to insert book: table books has no column named year
2025-08-06 12:30:23,391 - WARNING - Failed to insert book: table books has no column named year
2025-08-06 12:30:23,391 - WARNING - Failed to insert book: table books has no column named year
2025-08-06 12:30:23,391 - WARNING - Failed to insert book: table books has no column named year
2025-08-06 12:30:23,391 - WARNING - Failed to insert book: table books has no column named year
2025-08-06 12:30:23,391 - WARNING - Failed to insert book: table books has no column named year
2025-08-06 12:30:23,391 - WARNING - Failed to insert book: table books has no column named year
2025-08-06 12:30:23,391 - WARNING - Failed to insert book: table books has no column named year
2025-08-06 12:30:23,392 - WARNING - Failed to insert book: table books has no column named year
2025-08-06 12:30:23,392 - WARNING - Failed to insert book: table books has no column named year
2025-08-06 12:30:23,392 - WARNING - Failed to insert book: table books has no column named year
2025-08-06 12:30:23,392 - WARNING - Failed to insert book: table books has no column named year
2025-08-06 12:30:23,392 - WARNING - Failed to insert book: table books has no column named year
2025-08-06 12:30:23,392 - WARNING - Failed to insert book: table books has no column named year
2025-08-06 12:30:23,392 - WARNING - Failed to insert book: table books has no column named year
2025-08-06 12:30:23,392 - WARNING - Failed to insert book: table books has no column named year
2025-08-06 12:30:23,392 - WARNING - Failed to insert book: table books has no column named year
2025-08-06 12:30:23,392 - WARNING - Failed to insert book: table books has no column named year
2025-08-06 12:30:23,392 - WARNING - Failed to insert book: table books has no column named year
2025-08-06 12:30:23,392 - WARNING - Failed to insert book: table books has no column named year
2025-08-06 12:30:23,392 - WARNING - Failed to insert book: table books has no column named year
2025-08-06 12:30:23,392 - WARNING - Failed to insert book: table books has no column named year
2025-08-06 12:30:23,392 - WARNING - Failed to insert book: table books has no column named year
2025-08-06 12:30:23,392 - WARNING - Failed to insert book: table books has no column named year
2025-08-06 12:30:23,392 - WARNING - Failed to insert book: table books has no column named year
2025-08-06 12:30:23,392 - WARNING - Failed to insert book: table books has no column named year
2025-08-06 12:30:23,392 - WARNING - Failed to insert book: table books has no column named year
2025-08-06 12:30:23,392 - WARNING - Failed to insert book: table books has no column named year
2025-08-06 12:30:23,392 - WARNING - Failed to insert book: table books has no column named year
2025-08-06 12:30:23,392 - WARNING - Failed to insert book: table books has no column named year
2025-08-06 12:30:23,392 - WARNING - Failed to insert book: table books has no column named year
2025-08-06 12:30:23,392 - WARNING - Failed to insert book: table books has no column named year
2025-08-06 12:30:23,392 - WARNING - Failed to insert book: table books has no column named year
2025-08-06 12:30:23,392 - WARNING - Failed to insert book: table books has no column named year
2025-08-06 12:30:23,392 - WARNING - Failed to insert book: table books has no column named year
2025-08-06 12:30:23,392 - WARNING - Failed to insert book: table books has no column named year
2025-08-06 12:30:23,392 - WARNING - Failed to insert book: table books has no column named year
2025-08-06 12:30:23,392 - WARNING - Failed to insert book: table books has no column named year
2025-08-06 12:30:23,392 - WARNING - Failed to insert book: table books has no column named year
2025-08-06 12:30:23,392 - WARNING - Failed to insert book: table books has no column named year
2025-08-06 12:30:23,392 - WARNING - Failed to insert book: table books has no column named year
2025-08-06 12:30:23,392 - WARNING - Failed to insert book: table books has no column named year
2025-08-06 12:30:23,392 - WARNING - Failed to insert book: table books has no column named year
2025-08-06 12:30:23,392 - WARNING - Failed to insert book: table books has no column named year
2025-08-06 12:30:23,392 - WARNING - Failed to insert book: table books has no column named year
2025-08-06 12:30:23,392 - WARNING - Failed to insert book: table books has no column named year
2025-08-06 12:30:23,392 - WARNING - Failed to insert book: table books has no column named year
2025-08-06 12:30:23,392 - WARNING - Failed to insert book: table books has no column named year
2025-08-06 12:30:23,392 - WARNING - Failed to insert book: table books has no column named year
2025-08-06 12:30:23,392 - WARNING - Failed to insert book: table books has no column named year
2025-08-06 12:30:23,392 - WARNING - Failed to insert book: table books has no column named year
2025-08-06 12:30:23,393 - WARNING - Failed to insert book: table books has no column named year
2025-08-06 12:30:23,393 - WARNING - Failed to insert book: table books has no column named year
2025-08-06 12:30:23,393 - WARNING - Failed to insert book: table books has no column named year
2025-08-06 12:30:23,393 - WARNING - Failed to insert book: table books has no column named year
2025-08-06 12:30:23,393 - WARNING - Failed to insert book: table books has no column named year
2025-08-06 12:30:23,401 - INFO - All books inserted successfully.
2025-08-06 12:30:23,402 - INFO - Database connection closed.
2025-08-06 12:30:27,665 - ERROR - Failed to plot data: index 0 is out of bounds for axis 0 with size 0
2025-08-06 12:33:15,146 - INFO - Fetching books from Open Library API...
2025-08-06 12:33:21,541 - INFO - Fetched 100 books.
2025-08-06 12:33:21,543 - INFO - Cleaned 100 valid books.
2025-08-06 12:33:21,549 - INFO - Database table 'books' created or already exists.
2025-08-06 12:33:21,550 - INFO - Inserting books into database...
2025-08-06 12:33:21,556 - WARNING - Failed to insert book: table books has no column named year
2025-08-06 12:33:21,557 - WARNING - Failed to insert book: table books has no column named year
2025-08-06 12:33:21,558 - WARNING - Failed to insert book: table books has no column named year
2025-08-06 12:33:21,559 - WARNING - Failed to insert book: table books has no column named year
2025-08-06 12:33:21,561 - WARNING - Failed to insert book: table books has no column named year
2025-08-06 12:33:21,562 - WARNING - Failed to insert book: table books has no column named year
2025-08-06 12:33:21,563 - WARNING - Failed to insert book: table books has no column named year
2025-08-06 12:33:21,563 - WARNING - Failed to insert book: table books has no column named year
2025-08-06 12:33:21,564 - WARNING - Failed to insert book: table books has no column named year
2025-08-06 12:33:21,564 - WARNING - Failed to insert book: table books has no column named year
2025-08-06 12:33:21,564 - WARNING - Failed to insert book: table books has no column named year
2025-08-06 12:33:21,564 - WARNING - Failed to insert book: table books has no column named year
2025-08-06 12:33:21,565 - WARNING - Failed to insert book: table books has no column named year
2025-08-06 12:33:21,565 - WARNING - Failed to insert book: table books has no column named year
2025-08-06 12:33:21,565 - WARNING - Failed to insert book: table books has no column named year
2025-08-06 12:33:21,565 - WARNING - Failed to insert book: table books has no column named year
2025-08-06 12:33:21,565 - WARNING - Failed to insert book: table books has no column named year
2025-08-06 12:33:21,565 - WARNING - Failed to insert book: table books has no column named year
2025-08-06 12:33:21,565 - WARNING - Failed to insert book: table books has no column named year
2025-08-06 12:33:21,565 - WARNING - Failed to insert book: table books has no column named year
2025-08-06 12:33:21,565 - WARNING - Failed to insert book: table books has no column named year
2025-08-06 12:33:21,565 - WARNING - Failed to insert book: table books has no column named year
2025-08-06 12:33:21,565 - WARNING - Failed to insert book: table books has no column named year
2025-08-06 12:33:21,566 - WARNING - Failed to insert book: table books has no column named year
2025-08-06 12:33:21,566 - WARNING - Failed to insert book: table books has no column named year
2025-08-06 12:33:21,566 - WARNING - Failed to insert book: table books has no column named year
2025-08-06 12:33:21,566 - WARNING - Failed to insert book: table books has no column named year
2025-08-06 12:33:21,566 - WARNING - Failed to insert book: table books has no column named year
2025-08-06 12:33:21,566 - WARNING - Failed to insert book: table books has no column named year
2025-08-06 12:33:21,566 - WARNING - Failed to insert book: table books has no column named year
2025-08-06 12:33:21,566 - WARNING - Failed to insert book: table books has no column named year
2025-08-06 12:33:21,567 - WARNING - Failed to insert book: table books has no column named year
2025-08-06 12:33:21,567 - WARNING - Failed to insert book: table books has no column named year
2025-08-06 12:33:21,567 - WARNING - Failed to insert book: table books has no column named year
2025-08-06 12:33:21,567 - WARNING - Failed to insert book: table books has no column named year
2025-08-06 12:33:21,567 - WARNING - Failed to insert book: table books has no column named year
2025-08-06 12:33:21,567 - WARNING - Failed to insert book: table books has no column named year
2025-08-06 12:33:21,568 - WARNING - Failed to insert book: table books has no column named year
2025-08-06 12:33:21,568 - WARNING - Failed to insert book: table books has no column named year
2025-08-06 12:33:21,568 - WARNING - Failed to insert book: table books has no column named year
2025-08-06 12:33:21,568 - WARNING - Failed to insert book: table books has no column named year
2025-08-06 12:33:21,568 - WARNING - Failed to insert book: table books has no column named year
2025-08-06 12:33:21,568 - WARNING - Failed to insert book: table books has no column named year
2025-08-06 12:33:21,568 - WARNING - Failed to insert book: table books has no column named year
2025-08-06 12:33:21,569 - WARNING - Failed to insert book: table books has no column named year
2025-08-06 12:33:21,569 - WARNING - Failed to insert book: table books has no column named year
2025-08-06 12:33:21,569 - WARNING - Failed to insert book: table books has no column named year
2025-08-06 12:33:21,569 - WARNING - Failed to insert book: table books has no column named year
2025-08-06 12:33:21,569 - WARNING - Failed to insert book: table books has no column named year
2025-08-06 12:33:21,569 - WARNING - Failed to insert book: table books has no column named year
2025-08-06 12:33:21,569 - WARNING - Failed to insert book: table books has no column named year
2025-08-06 12:33:21,570 - WARNING - Failed to insert book: table books has no column named year
2025-08-06 12:33:21,570 - WARNING - Failed to insert book: table books has no column named year
2025-08-06 12:33:21,570 - WARNING - Failed to insert book: table books has no column named year
2025-08-06 12:33:21,570 - WARNING - Failed to insert book: table books has no column named year
2025-08-06 12:33:21,570 - WARNING - Failed to insert book: table books has no column named year
2025-08-06 12:33:21,570 - WARNING - Failed to insert book: table books has no column named year
2025-08-06 12:33:21,570 - WARNING - Failed to insert book: table books has no column named year
2025-08-06 12:33:21,571 - WARNING - Failed to insert book: table books has no column named year
2025-08-06 12:33:21,571 - WARNING - Failed to insert book: table books has no column named year
2025-08-06 12:33:21,571 - WARNING - Failed to insert book: table books has no column named year
2025-08-06 12:33:21,571 - WARNING - Failed to insert book: table books has no column named year
2025-08-06 12:33:21,571 - WARNING - Failed to insert book: table books has no column named year
2025-08-06 12:33:21,571 - WARNING - Failed to insert book: table books has no column named year
2025-08-06 12:33:21,571 - WARNING - Failed to insert book: table books has no column named year
2025-08-06 12:33:21,571 - WARNING - Failed to insert book: table books has no column named year
2025-08-06 12:33:21,572 - WARNING - Failed to insert book: table books has no column named year
2025-08-06 12:33:21,572 - WARNING - Failed to insert book: table books has no column named year
2025-08-06 12:33:21,572 - WARNING - Failed to insert book: table books has no column named year
2025-08-06 12:33:21,572 - WARNING - Failed to insert book: table books has no column named year
2025-08-06 12:33:21,572 - WARNING - Failed to insert book: table books has no column named year
2025-08-06 12:33:21,572 - WARNING - Failed to insert book: table books has no column named year
2025-08-06 12:33:21,572 - WARNING - Failed to insert book: table books has no column named year
2025-08-06 12:33:21,572 - WARNING - Failed to insert book: table books has no column named year
2025-08-06 12:33:21,572 - WARNING - Failed to insert book: table books has no column named year
2025-08-06 12:33:21,573 - WARNING - Failed to insert book: table books has no column named year
2025-08-06 12:33:21,573 - WARNING - Failed to insert book: table books has no column named year
2025-08-06 12:33:21,573 - WARNING - Failed to insert book: table books has no column named year
2025-08-06 12:33:21,573 - WARNING - Failed to insert book: table books has no column named year
2025-08-06 12:33:21,573 - WARNING - Failed to insert book: table books has no column named year
2025-08-06 12:33:21,573 - WARNING - Failed to insert book: table books has no column named year
2025-08-06 12:33:21,573 - WARNING - Failed to insert book: table books has no column named year
2025-08-06 12:33:21,573 - WARNING - Failed to insert book: table books has no column named year
2025-08-06 12:33:21,574 - WARNING - Failed to insert book: table books has no column named year
2025-08-06 12:33:21,574 - WARNING - Failed to insert book: table books has no column named year
2025-08-06 12:33:21,574 - WARNING - Failed to insert book: table books has no column named year
2025-08-06 12:33:21,574 - WARNING - Failed to insert book: table books has no column named year
2025-08-06 12:33:21,574 - WARNING - Failed to insert book: table books has no column named year
2025-08-06 12:33:21,574 - WARNING - Failed to insert book: table books has no column named year
2025-08-06 12:33:21,574 - WARNING - Failed to insert book: table books has no column named year
2025-08-06 12:33:21,574 - WARNING - Failed to insert book: table books has no column named year
2025-08-06 12:33:21,574 - WARNING - Failed to insert book: table books has no column named year
2025-08-06 12:33:21,575 - WARNING - Failed to insert book: table books has no column named year
2025-08-06 12:33:21,575 - WARNING - Failed to insert book: table books has no column named year
2025-08-06 12:33:21,575 - WARNING - Failed to insert book: table books has no column named year
2025-08-06 12:33:21,575 - WARNING - Failed to insert book: table books has no column named year
2025-08-06 12:33:21,575 - WARNING - Failed to insert book: table books has no column named year
2025-08-06 12:33:21,575 - WARNING - Failed to insert book: table books has no column named year
2025-08-06 12:33:21,575 - WARNING - Failed to insert book: table books has no column named year
2025-08-06 12:33:21,575 - WARNING - Failed to insert book: table books has no column named year
2025-08-06 12:33:21,584 - INFO - All books inserted successfully.
2025-08-06 12:33:21,586 - INFO - Database connection closed.
2025-08-06 12:33:21,869 - ERROR - Failed to plot data: index 0 is out of bounds for axis 0 with size 0
2025-08-06 12:35:44,075 - INFO - Fetching books from Open Library API...
2025-08-06 12:35:48,983 - INFO - Fetched 100 books.
2025-08-06 12:35:48,984 - INFO - Cleaned 100 valid books.
2025-08-06 12:35:48,988 - INFO - Database table 'books' created or already exists.
2025-08-06 12:35:48,989 - INFO - Inserting books into database...
2025-08-06 12:35:48,991 - WARNING - Failed to insert book: table books has no column named year
2025-08-06 12:35:48,991 - WARNING - Failed to insert book: table books has no column named year
2025-08-06 12:35:48,991 - WARNING - Failed to insert book: table books has no column named year
2025-08-06 12:35:48,991 - WARNING - Failed to insert book: table books has no column named year
2025-08-06 12:35:48,992 - WARNING - Failed to insert book: table books has no column named year
2025-08-06 12:35:48,992 - WARNING - Failed to insert book: table books has no column named year
2025-08-06 12:35:48,992 - WARNING - Failed to insert book: table books has no column named year
2025-08-06 12:35:48,993 - WARNING - Failed to insert book: table books has no column named year
2025-08-06 12:35:48,993 - WARNING - Failed to insert book: table books has no column named year
2025-08-06 12:35:48,994 - WARNING - Failed to insert book: table books has no column named year
2025-08-06 12:35:48,994 - WARNING - Failed to insert book: table books has no column named year
2025-08-06 12:35:48,994 - WARNING - Failed to insert book: table books has no column named year
2025-08-06 12:35:48,995 - WARNING - Failed to insert book: table books has no column named year
2025-08-06 12:35:48,995 - WARNING - Failed to insert book: table books has no column named year
2025-08-06 12:35:48,996 - WARNING - Failed to insert book: table books has no column named year
2025-08-06 12:35:48,996 - WARNING - Failed to insert book: table books has no column named year
2025-08-06 12:35:48,996 - WARNING - Failed to insert book: table books has no column named year
2025-08-06 12:35:48,997 - WARNING - Failed to insert book: table books has no column named year
2025-08-06 12:35:48,997 - WARNING - Failed to insert book: table books has no column named year
2025-08-06 12:35:48,997 - WARNING - Failed to insert book: table books has no column named year
2025-08-06 12:35:48,998 - WARNING - Failed to insert book: table books has no column named year
2025-08-06 12:35:48,998 - WARNING - Failed to insert book: table books has no column named year
2025-08-06 12:35:48,999 - WARNING - Failed to insert book: table books has no column named year
2025-08-06 12:35:48,999 - WARNING - Failed to insert book: table books has no column named year
2025-08-06 12:35:49,000 - WARNING - Failed to insert book: table books has no column named year
2025-08-06 12:35:49,000 - WARNING - Failed to insert book: table books has no column named year
2025-08-06 12:35:49,000 - WARNING - Failed to insert book: table books has no column named year
2025-08-06 12:35:49,000 - WARNING - Failed to insert book: table books has no column named year
2025-08-06 12:35:49,000 - WARNING - Failed to insert book: table books has no column named year
2025-08-06 12:35:49,001 - WARNING - Failed to insert book: table books has no column named year
2025-08-06 12:35:49,001 - WARNING - Failed to insert book: table books has no column named year
2025-08-06 12:35:49,001 - WARNING - Failed to insert book: table books has no column named year
2025-08-06 12:35:49,001 - WARNING - Failed to insert book: table books has no column named year
2025-08-06 12:35:49,001 - WARNING - Failed to insert book: table books has no column named year
2025-08-06 12:35:49,001 - WARNING - Failed to insert book: table books has no column named year
2025-08-06 12:35:49,001 - WARNING - Failed to insert book: table books has no column named year
2025-08-06 12:35:49,001 - WARNING - Failed to insert book: table books has no column named year
2025-08-06 12:35:49,001 - WARNING - Failed to insert book: table books has no column named year
2025-08-06 12:35:49,001 - WARNING - Failed to insert book: table books has no column named year
2025-08-06 12:35:49,001 - WARNING - Failed to insert book: table books has no column named year
2025-08-06 12:35:49,001 - WARNING - Failed to insert book: table books has no column named year
2025-08-06 12:35:49,001 - WARNING - Failed to insert book: table books has no column named year
2025-08-06 12:35:49,001 - WARNING - Failed to insert book: table books has no column named year
2025-08-06 12:35:49,001 - WARNING - Failed to insert book: table books has no column named year
2025-08-06 12:35:49,001 - WARNING - Failed to insert book: table books has no column named year
2025-08-06 12:35:49,001 - WARNING - Failed to insert book: table books has no column named year
2025-08-06 12:35:49,001 - WARNING - Failed to insert book: table books has no column named year
2025-08-06 12:35:49,001 - WARNING - Failed to insert book: table books has no column named year
2025-08-06 12:35:49,001 - WARNING - Failed to insert book: table books has no column named year
2025-08-06 12:35:49,001 - WARNING - Failed to insert book: table books has no column named year
2025-08-06 12:35:49,001 - WARNING - Failed to insert book: table books has no column named year
2025-08-06 12:35:49,001 - WARNING - Failed to insert book: table books has no column named year
2025-08-06 12:35:49,001 - WARNING - Failed to insert book: table books has no column named year
2025-08-06 12:35:49,001 - WARNING - Failed to insert book: table books has no column named year
2025-08-06 12:35:49,002 - WARNING - Failed to insert book: table books has no column named year
2025-08-06 12:35:49,002 - WARNING - Failed to insert book: table books has no column named year
2025-08-06 12:35:49,002 - WARNING - Failed to insert book: table books has no column named year
2025-08-06 12:35:49,002 - WARNING - Failed to insert book: table books has no column named year
2025-08-06 12:35:49,002 - WARNING - Failed to insert book: table books has no column named year
2025-08-06 12:35:49,002 - WARNING - Failed to insert book: table books has no column named year
2025-08-06 12:35:49,002 - WARNING - Failed to insert book: table books has no column named year
2025-08-06 12:35:49,002 - WARNING - Failed to insert book: table books has no column named year
2025-08-06 12:35:49,002 - WARNING - Failed to insert book: table books has no column named year
2025-08-06 12:35:49,002 - WARNING - Failed to insert book: table books has no column named year
2025-08-06 12:35:49,002 - WARNING - Failed to insert book: table books has no column named year
2025-08-06 12:35:49,002 - WARNING - Failed to insert book: table books has no column named year
2025-08-06 12:35:49,002 - WARNING - Failed to insert book: table books has no column named year
2025-08-06 12:35:49,002 - WARNING - Failed to insert book: table books has no column named year
2025-08-06 12:35:49,002 - WARNING - Failed to insert book: table books has no column named year
2025-08-06 12:35:49,002 - WARNING - Failed to insert book: table books has no column named year
2025-08-06 12:35:49,002 - WARNING - Failed to insert book: table books has no column named year
2025-08-06 12:35:49,002 - WARNING - Failed to insert book: table books has no column named year
2025-08-06 12:35:49,002 - WARNING - Failed to insert book: table books has no column named year
2025-08-06 12:35:49,002 - WARNING - Failed to insert book: table books has no column named year
2025-08-06 12:35:49,002 - WARNING - Failed to insert book: table books has no column named year
2025-08-06 12:35:49,002 - WARNING - Failed to insert book: table books has no column named year
2025-08-06 12:35:49,002 - WARNING - Failed to insert book: table books has no column named year
2025-08-06 12:35:49,002 - WARNING - Failed to insert book: table books has no column named year
2025-08-06 12:35:49,002 - WARNING - Failed to insert book: table books has no column named year
2025-08-06 12:35:49,002 - WARNING - Failed to insert book: table books has no column named year
2025-08-06 12:35:49,002 - WARNING - Failed to insert book: table books has no column named year
2025-08-06 12:35:49,002 - WARNING - Failed to insert book: table books has no column named year
2025-08-06 12:35:49,002 - WARNING - Failed to insert book: table books has no column named year
2025-08-06 12:35:49,002 - WARNING - Failed to insert book: table books has no column named year
2025-08-06 12:35:49,002 - WARNING - Failed to insert book: table books has no column named year
2025-08-06 12:35:49,002 - WARNING - Failed to insert book: table books has no column named year
2025-08-06 12:35:49,002 - WARNING - Failed to insert book: table books has no column named year
2025-08-06 12:35:49,002 - WARNING - Failed to insert book: table books has no column named year
2025-08-06 12:35:49,002 - WARNING - Failed to insert book: table books has no column named year
2025-08-06 12:35:49,002 - WARNING - Failed to insert book: table books has no column named year
2025-08-06 12:35:49,002 - WARNING - Failed to insert book: table books has no column named year
2025-08-06 12:35:49,002 - WARNING - Failed to insert book: table books has no column named year
2025-08-06 12:35:49,002 - WARNING - Failed to insert book: table books has no column named year
2025-08-06 12:35:49,002 - WARNING - Failed to insert book: table books has no column named year
2025-08-06 12:35:49,002 - WARNING - Failed to insert book: table books has no column named year
2025-08-06 12:35:49,002 - WARNING - Failed to insert book: table books has no column named year
2025-08-06 12:35:49,002 - WARNING - Failed to insert book: table books has no column named year
2025-08-06 12:35:49,002 - WARNING - Failed to insert book: table books has no column named year
2025-08-06 12:35:49,002 - WARNING - Failed to insert book: table books has no column named year
2025-08-06 12:35:49,002 - WARNING - Failed to insert book: table books has no column named year
2025-08-06 12:35:49,009 - INFO - All books inserted successfully.
2025-08-06 12:35:49,009 - INFO - Database connection closed.
2025-08-06 12:35:50,239 - ERROR - Failed to plot data: index 0 is out of bounds for axis 0 with size 0
2025-08-06 12:36:56,505 - INFO - Fetching books from Open Library API...
2025-08-06 12:37:01,138 - INFO - Fetched 100 books.
2025-08-06 12:37:01,140 - INFO - Cleaned 100 valid books.
2025-08-06 12:37:01,147 - INFO - Database table 'books' created or already exists.
2025-08-06 12:37:01,147 - INFO - Inserting books into database...
2025-08-06 12:37:01,154 - WARNING - Failed to insert book: table books has no column named year
2025-08-06 12:37:01,155 - WARNING - Failed to insert book: table books has no column named year
2025-08-06 12:37:01,155 - WARNING - Failed to insert book: table books has no column named year
2025-08-06 12:37:01,156 - WARNING - Failed to insert book: table books has no column named year
2025-08-06 12:37:01,157 - WARNING - Failed to insert book: table books has no column named year
2025-08-06 12:37:01,158 - WARNING - Failed to insert book: table books has no column named year
2025-08-06 12:37:01,158 - WARNING - Failed to insert book: table books has no column named year
2025-08-06 12:37:01,159 - WARNING - Failed to insert book: table books has no column named year
2025-08-06 12:37:01,160 - WARNING - Failed to insert book: table books has no column named year
2025-08-06 12:37:01,160 - WARNING - Failed to insert book: table books has no column named year
2025-08-06 12:37:01,161 - WARNING - Failed to insert book: table books has no column named year
2025-08-06 12:37:01,161 - WARNING - Failed to insert book: table books has no column named year
2025-08-06 12:37:01,161 - WARNING - Failed to insert book: table books has no column named year
2025-08-06 12:37:01,162 - WARNING - Failed to insert book: table books has no column named year
2025-08-06 12:37:01,162 - WARNING - Failed to insert book: table books has no column named year
2025-08-06 12:37:01,162 - WARNING - Failed to insert book: table books has no column named year
2025-08-06 12:37:01,162 - WARNING - Failed to insert book: table books has no column named year
2025-08-06 12:37:01,163 - WARNING - Failed to insert book: table books has no column named year
2025-08-06 12:37:01,163 - WARNING - Failed to insert book: table books has no column named year
2025-08-06 12:37:01,163 - WARNING - Failed to insert book: table books has no column named year
2025-08-06 12:37:01,163 - WARNING - Failed to insert book: table books has no column named year
2025-08-06 12:37:01,163 - WARNING - Failed to insert book: table books has no column named year
2025-08-06 12:37:01,164 - WARNING - Failed to insert book: table books has no column named year
2025-08-06 12:37:01,164 - WARNING - Failed to insert book: table books has no column named year
2025-08-06 12:37:01,164 - WARNING - Failed to insert book: table books has no column named year
2025-08-06 12:37:01,164 - WARNING - Failed to insert book: table books has no column named year
2025-08-06 12:37:01,164 - WARNING - Failed to insert book: table books has no column named year
2025-08-06 12:37:01,164 - WARNING - Failed to insert book: table books has no column named year
2025-08-06 12:37:01,164 - WARNING - Failed to insert book: table books has no column named year
2025-08-06 12:37:01,164 - WARNING - Failed to insert book: table books has no column named year
2025-08-06 12:37:01,164 - WARNING - Failed to insert book: table books has no column named year
2025-08-06 12:37:01,164 - WARNING - Failed to insert book: table books has no column named year
2025-08-06 12:37:01,165 - WARNING - Failed to insert book: table books has no column named year
2025-08-06 12:37:01,165 - WARNING - Failed to insert book: table books has no column named year
2025-08-06 12:37:01,165 - WARNING - Failed to insert book: table books has no column named year
2025-08-06 12:37:01,165 - WARNING - Failed to insert book: table books has no column named year
2025-08-06 12:37:01,165 - WARNING - Failed to insert book: table books has no column named year
2025-08-06 12:37:01,165 - WARNING - Failed to insert book: table books has no column named year
2025-08-06 12:37:01,165 - WARNING - Failed to insert book: table books has no column named year
2025-08-06 12:37:01,166 - WARNING - Failed to insert book: table books has no column named year
2025-08-06 12:37:01,166 - WARNING - Failed to insert book: table books has no column named year
2025-08-06 12:37:01,166 - WARNING - Failed to insert book: table books has no column named year
2025-08-06 12:37:01,166 - WARNING - Failed to insert book: table books has no column named year
2025-08-06 12:37:01,166 - WARNING - Failed to insert book: table books has no column named year
2025-08-06 12:37:01,166 - WARNING - Failed to insert book: table books has no column named year
2025-08-06 12:37:01,166 - WARNING - Failed to insert book: table books has no column named year
2025-08-06 12:37:01,166 - WARNING - Failed to insert book: table books has no column named year
2025-08-06 12:37:01,166 - WARNING - Failed to insert book: table books has no column named year
2025-08-06 12:37:01,166 - WARNING - Failed to insert book: table books has no column named year
2025-08-06 12:37:01,166 - WARNING - Failed to insert book: table books has no column named year
2025-08-06 12:37:01,166 - WARNING - Failed to insert book: table books has no column named year
2025-08-06 12:37:01,166 - WARNING - Failed to insert book: table books has no column named year
2025-08-06 12:37:01,166 - WARNING - Failed to insert book: table books has no column named year
2025-08-06 12:37:01,167 - WARNING - Failed to insert book: table books has no column named year
2025-08-06 12:37:01,167 - WARNING - Failed to insert book: table books has no column named year
2025-08-06 12:37:01,167 - WARNING - Failed to insert book: table books has no column named year
2025-08-06 12:37:01,167 - WARNING - Failed to insert book: table books has no column named year
2025-08-06 12:37:01,167 - WARNING - Failed to insert book: table books has no column named year
2025-08-06 12:37:01,167 - WARNING - Failed to insert book: table books has no column named year
2025-08-06 12:37:01,167 - WARNING - Failed to insert book: table books has no column named year
2025-08-06 12:37:01,167 - WARNING - Failed to insert book: table books has no column named year
2025-08-06 12:37:01,167 - WARNING - Failed to insert book: table books has no column named year
2025-08-06 12:37:01,167 - WARNING - Failed to insert book: table books has no column named year
2025-08-06 12:37:01,167 - WARNING - Failed to insert book: table books has no column named year
2025-08-06 12:37:01,167 - WARNING - Failed to insert book: table books has no column named year
2025-08-06 12:37:01,167 - WARNING - Failed to insert book: table books has no column named year
2025-08-06 12:37:01,167 - WARNING - Failed to insert book: table books has no column named year
2025-08-06 12:37:01,167 - WARNING - Failed to insert book: table books has no column named year
2025-08-06 12:37:01,168 - WARNING - Failed to insert book: table books has no column named year
2025-08-06 12:37:01,168 - WARNING - Failed to insert book: table books has no column named year
2025-08-06 12:37:01,168 - WARNING - Failed to insert book: table books has no column named year
2025-08-06 12:37:01,168 - WARNING - Failed to insert book: table books has no column named year
2025-08-06 12:37:01,168 - WARNING - Failed to insert book: table books has no column named year
2025-08-06 12:37:01,168 - WARNING - Failed to insert book: table books has no column named year
2025-08-06 12:37:01,168 - WARNING - Failed to insert book: table books has no column named year
2025-08-06 12:37:01,168 - WARNING - Failed to insert book: table books has no column named year
2025-08-06 12:37:01,168 - WARNING - Failed to insert book: table books has no column named year
2025-08-06 12:37:01,168 - WARNING - Failed to insert book: table books has no column named year
2025-08-06 12:37:01,168 - WARNING - Failed to insert book: table books has no column named year
2025-08-06 12:37:01,168 - WARNING - Failed to insert book: table books has no column named year
2025-08-06 12:37:01,168 - WARNING - Failed to insert book: table books has no column named year
2025-08-06 12:37:01,168 - WARNING - Failed to insert book: table books has no column named year
2025-08-06 12:37:01,168 - WARNING - Failed to insert book: table books has no column named year
2025-08-06 12:37:01,168 - WARNING - Failed to insert book: table books has no column named year
2025-08-06 12:37:01,168 - WARNING - Failed to insert book: table books has no column named year
2025-08-06 12:37:01,169 - WARNING - Failed to insert book: table books has no column named year
2025-08-06 12:37:01,169 - WARNING - Failed to insert book: table books has no column named year
2025-08-06 12:37:01,169 - WARNING - Failed to insert book: table books has no column named year
2025-08-06 12:37:01,169 - WARNING - Failed to insert book: table books has no column named year
2025-08-06 12:37:01,169 - WARNING - Failed to insert book: table books has no column named year
2025-08-06 12:37:01,169 - WARNING - Failed to insert book: table books has no column named year
2025-08-06 12:37:01,169 - WARNING - Failed to insert book: table books has no column named year
2025-08-06 12:37:01,169 - WARNING - Failed to insert book: table books has no column named year
2025-08-06 12:37:01,169 - WARNING - Failed to insert book: table books has no column named year
2025-08-06 12:37:01,169 - WARNING - Failed to insert book: table books has no column named year
2025-08-06 12:37:01,169 - WARNING - Failed to insert book: table books has no column named year
2025-08-06 12:37:01,169 - WARNING - Failed to insert book: table books has no column named year
2025-08-06 12:37:01,169 - WARNING - Failed to insert book: table books has no column named year
2025-08-06 12:37:01,169 - WARNING - Failed to insert book: table books has no column named year
2025-08-06 12:37:01,169 - WARNING - Failed to insert book: table books has no column named year
2025-08-06 12:37:01,178 - INFO - All books inserted successfully.
2025-08-06 12:37:01,180 - INFO - Database connection closed.
2025-08-06 12:50:44,143 - INFO - Fetching books from Open Library API...
2025-08-06 12:50:49,112 - INFO - Fetched 100 books.
2025-08-06 12:50:49,112 - INFO - Cleaned 100 valid books.
2025-08-06 12:50:49,118 - WARNING - Failed to insert book: table books has no column named year
2025-08-06 12:50:49,118 - WARNING - Failed to insert book: table books has no column named year
2025-08-06 12:50:49,119 - WARNING - Failed to insert book: table books has no column named year
2025-08-06 12:50:49,119 - WARNING - Failed to insert book: table books has no column named year
2025-08-06 12:50:49,119 - WARNING - Failed to insert book: table books has no column named year
2025-08-06 12:50:49,120 - WARNING - Failed to insert book: table books has no column named year
2025-08-06 12:50:49,120 - WARNING - Failed to insert book: table books has no column named year
2025-08-06 12:50:49,120 - WARNING - Failed to insert book: table books has no column named year
2025-08-06 12:50:49,120 - WARNING - Failed to insert book: table books has no column named year
2025-08-06 12:50:49,121 - WARNING - Failed to insert book: table books has no column named year
2025-08-06 12:50:49,121 - WARNING - Failed to insert book: table books has no column named year
2025-08-06 12:50:49,121 - WARNING - Failed to insert book: table books has no column named year
2025-08-06 12:50:49,121 - WARNING - Failed to insert book: table books has no column named year
2025-08-06 12:50:49,121 - WARNING - Failed to insert book: table books has no column named year
2025-08-06 12:50:49,121 - WARNING - Failed to insert book: table books has no column named year
2025-08-06 12:50:49,121 - WARNING - Failed to insert book: table books has no column named year
2025-08-06 12:50:49,122 - WARNING - Failed to insert book: table books has no column named year
2025-08-06 12:50:49,122 - WARNING - Failed to insert book: table books has no column named year
2025-08-06 12:50:49,122 - WARNING - Failed to insert book: table books has no column named year
2025-08-06 12:50:49,122 - WARNING - Failed to insert book: table books has no column named year
2025-08-06 12:50:49,122 - WARNING - Failed to insert book: table books has no column named year
2025-08-06 12:50:49,122 - WARNING - Failed to insert book: table books has no column named year
2025-08-06 12:50:49,122 - WARNING - Failed to insert book: table books has no column named year
2025-08-06 12:50:49,122 - WARNING - Failed to insert book: table books has no column named year
2025-08-06 12:50:49,122 - WARNING - Failed to insert book: table books has no column named year
2025-08-06 12:50:49,123 - WARNING - Failed to insert book: table books has no column named year
2025-08-06 12:50:49,123 - WARNING - Failed to insert book: table books has no column named year
2025-08-06 12:50:49,123 - WARNING - Failed to insert book: table books has no column named year
2025-08-06 12:50:49,123 - WARNING - Failed to insert book: table books has no column named year
2025-08-06 12:50:49,123 - WARNING - Failed to insert book: table books has no column named year
2025-08-06 12:50:49,123 - WARNING - Failed to insert book: table books has no column named year
2025-08-06 12:50:49,123 - WARNING - Failed to insert book: table books has no column named year
2025-08-06 12:50:49,123 - WARNING - Failed to insert book: table books has no column named year
2025-08-06 12:50:49,123 - WARNING - Failed to insert book: table books has no column named year
2025-08-06 12:50:49,123 - WARNING - Failed to insert book: table books has no column named year
2025-08-06 12:50:49,123 - WARNING - Failed to insert book: table books has no column named year
2025-08-06 12:50:49,123 - WARNING - Failed to insert book: table books has no column named year
2025-08-06 12:50:49,123 - WARNING - Failed to insert book: table books has no column named year
2025-08-06 12:50:49,123 - WARNING - Failed to insert book: table books has no column named year
2025-08-06 12:50:49,123 - WARNING - Failed to insert book: table books has no column named year
2025-08-06 12:50:49,123 - WARNING - Failed to insert book: table books has no column named year
2025-08-06 12:50:49,124 - WARNING - Failed to insert book: table books has no column named year
2025-08-06 12:50:49,124 - WARNING - Failed to insert book: table books has no column named year
2025-08-06 12:50:49,124 - WARNING - Failed to insert book: table books has no column named year
2025-08-06 12:50:49,124 - WARNING - Failed to insert book: table books has no column named year
2025-08-06 12:50:49,124 - WARNING - Failed to insert book: table books has no column named year
2025-08-06 12:50:49,124 - WARNING - Failed to insert book: table books has no column named year
2025-08-06 12:50:49,124 - WARNING - Failed to insert book: table books has no column named year
2025-08-06 12:50:49,124 - WARNING - Failed to insert book: table books has no column named year
2025-08-06 12:50:49,124 - WARNING - Failed to insert book: table books has no column named year
2025-08-06 12:50:49,124 - WARNING - Failed to insert book: table books has no column named year
2025-08-06 12:50:49,124 - WARNING - Failed to insert book: table books has no column named year
2025-08-06 12:50:49,124 - WARNING - Failed to insert book: table books has no column named year
2025-08-06 12:50:49,124 - WARNING - Failed to insert book: table books has no column named year
2025-08-06 12:50:49,124 - WARNING - Failed to insert book: table books has no column named year
2025-08-06 12:50:49,124 - WARNING - Failed to insert book: table books has no column named year
2025-08-06 12:50:49,124 - WARNING - Failed to insert book: table books has no column named year
2025-08-06 12:50:49,124 - WARNING - Failed to insert book: table books has no column named year
2025-08-06 12:50:49,124 - WARNING - Failed to insert book: table books has no column named year
2025-08-06 12:50:49,124 - WARNING - Failed to insert book: table books has no column named year
2025-08-06 12:50:49,124 - WARNING - Failed to insert book: table books has no column named year
2025-08-06 12:50:49,124 - WARNING - Failed to insert book: table books has no column named year
2025-08-06 12:50:49,124 - WARNING - Failed to insert book: table books has no column named year
2025-08-06 12:50:49,124 - WARNING - Failed to insert book: table books has no column named year
2025-08-06 12:50:49,124 - WARNING - Failed to insert book: table books has no column named year
2025-08-06 12:50:49,124 - WARNING - Failed to insert book: table books has no column named year
2025-08-06 12:50:49,125 - WARNING - Failed to insert book: table books has no column named year
2025-08-06 12:50:49,125 - WARNING - Failed to insert book: table books has no column named year
2025-08-06 12:50:49,125 - WARNING - Failed to insert book: table books has no column named year
2025-08-06 12:50:49,125 - WARNING - Failed to insert book: table books has no column named year
2025-08-06 12:50:49,125 - WARNING - Failed to insert book: table books has no column named year
2025-08-06 12:50:49,125 - WARNING - Failed to insert book: table books has no column named year
2025-08-06 12:50:49,125 - WARNING - Failed to insert book: table books has no column named year
2025-08-06 12:50:49,125 - WARNING - Failed to insert book: table books has no column named year
2025-08-06 12:50:49,125 - WARNING - Failed to insert book: table books has no column named year
2025-08-06 12:50:49,125 - WARNING - Failed to insert book: table books has no column named year
2025-08-06 12:50:49,125 - WARNING - Failed to insert book: table books has no column named year
2025-08-06 12:50:49,125 - WARNING - Failed to insert book: table books has no column named year
2025-08-06 12:50:49,125 - WARNING - Failed to insert book: table books has no column named year
2025-08-06 12:50:49,125 - WARNING - Failed to insert book: table books has no column named year
2025-08-06 12:50:49,125 - WARNING - Failed to insert book: table books has no column named year
2025-08-06 12:50:49,125 - WARNING - Failed to insert book: table books has no column named year
2025-08-06 12:50:49,125 - WARNING - Failed to insert book: table books has no column named year
2025-08-06 12:50:49,125 - WARNING - Failed to insert book: table books has no column named year
2025-08-06 12:50:49,125 - WARNING - Failed to insert book: table books has no column named year
2025-08-06 12:50:49,125 - WARNING - Failed to insert book: table books has no column named year
2025-08-06 12:50:49,125 - WARNING - Failed to insert book: table books has no column named year
2025-08-06 12:50:49,125 - WARNING - Failed to insert book: table books has no column named year
2025-08-06 12:50:49,125 - WARNING - Failed to insert book: table books has no column named year
2025-08-06 12:50:49,125 - WARNING - Failed to insert book: table books has no column named year
2025-08-06 12:50:49,125 - WARNING - Failed to insert book: table books has no column named year
2025-08-06 12:50:49,125 - WARNING - Failed to insert book: table books has no column named year
2025-08-06 12:50:49,125 - WARNING - Failed to insert book: table books has no column named year
2025-08-06 12:50:49,125 - WARNING - Failed to insert book: table books has no column named year
2025-08-06 12:50:49,125 - WARNING - Failed to insert book: table books has no column named year
2025-08-06 12:50:49,125 - WARNING - Failed to insert book: table books has no column named year
2025-08-06 12:50:49,125 - WARNING - Failed to insert book: table books has no column named year
2025-08-06 12:50:49,125 - WARNING - Failed to insert book: table books has no column named year
2025-08-06 12:50:49,125 - WARNING - Failed to insert book: table books has no column named year
2025-08-06 12:50:49,125 - WARNING - Failed to insert book: table books has no column named year
2025-08-06 12:51:13,841 - INFO - Fetching books from Open Library API...
2025-08-06 12:51:18,992 - INFO - Fetched 100 books.
2025-08-06 12:51:18,993 - INFO - Cleaned 100 valid books.
2025-08-06 12:51:19,000 - WARNING - Failed to insert book: table books has no column named year
2025-08-06 12:51:19,000 - WARNING - Failed to insert book: table books has no column named year
2025-08-06 12:51:19,001 - WARNING - Failed to insert book: table books has no column named year
2025-08-06 12:51:19,001 - WARNING - Failed to insert book: table books has no column named year
2025-08-06 12:51:19,001 - WARNING - Failed to insert book: table books has no column named year
2025-08-06 12:51:19,001 - WARNING - Failed to insert book: table books has no column named year
2025-08-06 12:51:19,001 - WARNING - Failed to insert book: table books has no column named year
2025-08-06 12:51:19,001 - WARNING - Failed to insert book: table books has no column named year
2025-08-06 12:51:19,001 - WARNING - Failed to insert book: table books has no column named year
2025-08-06 12:51:19,001 - WARNING - Failed to insert book: table books has no column named year
2025-08-06 12:51:19,001 - WARNING - Failed to insert book: table books has no column named year
2025-08-06 12:51:19,001 - WARNING - Failed to insert book: table books has no column named year
2025-08-06 12:51:19,001 - WARNING - Failed to insert book: table books has no column named year
2025-08-06 12:51:19,001 - WARNING - Failed to insert book: table books has no column named year
2025-08-06 12:51:19,002 - WARNING - Failed to insert book: table books has no column named year
2025-08-06 12:51:19,002 - WARNING - Failed to insert book: table books has no column named year
2025-08-06 12:51:19,002 - WARNING - Failed to insert book: table books has no column named year
2025-08-06 12:51:19,002 - WARNING - Failed to insert book: table books has no column named year
2025-08-06 12:51:19,002 - WARNING - Failed to insert book: table books has no column named year
2025-08-06 12:51:19,002 - WARNING - Failed to insert book: table books has no column named year
2025-08-06 12:51:19,002 - WARNING - Failed to insert book: table books has no column named year
2025-08-06 12:51:19,002 - WARNING - Failed to insert book: table books has no column named year
2025-08-06 12:51:19,002 - WARNING - Failed to insert book: table books has no column named year
2025-08-06 12:51:19,002 - WARNING - Failed to insert book: table books has no column named year
2025-08-06 12:51:19,002 - WARNING - Failed to insert book: table books has no column named year
2025-08-06 12:51:19,002 - WARNING - Failed to insert book: table books has no column named year
2025-08-06 12:51:19,003 - WARNING - Failed to insert book: table books has no column named year
2025-08-06 12:51:19,003 - WARNING - Failed to insert book: table books has no column named year
2025-08-06 12:51:19,003 - WARNING - Failed to insert book: table books has no column named year
2025-08-06 12:51:19,003 - WARNING - Failed to insert book: table books has no column named year
2025-08-06 12:51:19,003 - WARNING - Failed to insert book: table books has no column named year
2025-08-06 12:51:19,003 - WARNING - Failed to insert book: table books has no column named year
2025-08-06 12:51:19,003 - WARNING - Failed to insert book: table books has no column named year
2025-08-06 12:51:19,003 - WARNING - Failed to insert book: table books has no column named year
2025-08-06 12:51:19,003 - WARNING - Failed to insert book: table books has no column named year
2025-08-06 12:51:19,003 - WARNING - Failed to insert book: table books has no column named year
2025-08-06 12:51:19,003 - WARNING - Failed to insert book: table books has no column named year
2025-08-06 12:51:19,003 - WARNING - Failed to insert book: table books has no column named year
2025-08-06 12:51:19,003 - WARNING - Failed to insert book: table books has no column named year
2025-08-06 12:51:19,004 - WARNING - Failed to insert book: table books has no column named year
2025-08-06 12:51:19,004 - WARNING - Failed to insert book: table books has no column named year
2025-08-06 12:51:19,004 - WARNING - Failed to insert book: table books has no column named year
2025-08-06 12:51:19,004 - WARNING - Failed to insert book: table books has no column named year
2025-08-06 12:51:19,004 - WARNING - Failed to insert book: table books has no column named year
2025-08-06 12:51:19,004 - WARNING - Failed to insert book: table books has no column named year
2025-08-06 12:51:19,004 - WARNING - Failed to insert book: table books has no column named year
2025-08-06 12:51:19,004 - WARNING - Failed to insert book: table books has no column named year
2025-08-06 12:51:19,004 - WARNING - Failed to insert book: table books has no column named year
2025-08-06 12:51:19,004 - WARNING - Failed to insert book: table books has no column named year
2025-08-06 12:51:19,004 - WARNING - Failed to insert book: table books has no column named year
2025-08-06 12:51:19,004 - WARNING - Failed to insert book: table books has no column named year
2025-08-06 12:51:19,004 - WARNING - Failed to insert book: table books has no column named year
2025-08-06 12:51:19,005 - WARNING - Failed to insert book: table books has no column named year
2025-08-06 12:51:19,005 - WARNING - Failed to insert book: table books has no column named year
2025-08-06 12:51:19,005 - WARNING - Failed to insert book: table books has no column named year
2025-08-06 12:51:19,005 - WARNING - Failed to insert book: table books has no column named year
2025-08-06 12:51:19,005 - WARNING - Failed to insert book: table books has no column named year
2025-08-06 12:51:19,005 - WARNING - Failed to insert book: table books has no column named year
2025-08-06 12:51:19,005 - WARNING - Failed to insert book: table books has no column named year
2025-08-06 12:51:19,005 - WARNING - Failed to insert book: table books has no column named year
2025-08-06 12:51:19,005 - WARNING - Failed to insert book: table books has no column named year
2025-08-06 12:51:19,005 - WARNING - Failed to insert book: table books has no column named year
2025-08-06 12:51:19,005 - WARNING - Failed to insert book: table books has no column named year
2025-08-06 12:51:19,006 - WARNING - Failed to insert book: table books has no column named year
2025-08-06 12:51:19,006 - WARNING - Failed to insert book: table books has no column named year
2025-08-06 12:51:19,006 - WARNING - Failed to insert book: table books has no column named year
2025-08-06 12:51:19,006 - WARNING - Failed to insert book: table books has no column named year
2025-08-06 12:51:19,006 - WARNING - Failed to insert book: table books has no column named year
2025-08-06 12:51:19,006 - WARNING - Failed to insert book: table books has no column named year
2025-08-06 12:51:19,006 - WARNING - Failed to insert book: table books has no column named year
2025-08-06 12:51:19,006 - WARNING - Failed to insert book: table books has no column named year
2025-08-06 12:51:19,006 - WARNING - Failed to insert book: table books has no column named year
2025-08-06 12:51:19,006 - WARNING - Failed to insert book: table books has no column named year
2025-08-06 12:51:19,006 - WARNING - Failed to insert book: table books has no column named year
2025-08-06 12:51:19,006 - WARNING - Failed to insert book: table books has no column named year
2025-08-06 12:51:19,006 - WARNING - Failed to insert book: table books has no column named year
2025-08-06 12:51:19,007 - WARNING - Failed to insert book: table books has no column named year
2025-08-06 12:51:19,007 - WARNING - Failed to insert book: table books has no column named year
2025-08-06 12:51:19,007 - WARNING - Failed to insert book: table books has no column named year
2025-08-06 12:51:19,007 - WARNING - Failed to insert book: table books has no column named year
2025-08-06 12:51:19,007 - WARNING - Failed to insert book: table books has no column named year
2025-08-06 12:51:19,007 - WARNING - Failed to insert book: table books has no column named year
2025-08-06 12:51:19,007 - WARNING - Failed to insert book: table books has no column named year
2025-08-06 12:51:19,007 - WARNING - Failed to insert book: table books has no column named year
2025-08-06 12:51:19,007 - WARNING - Failed to insert book: table books has no column named year
2025-08-06 12:51:19,007 - WARNING - Failed to insert book: table books has no column named year
2025-08-06 12:51:19,007 - WARNING - Failed to insert book: table books has no column named year
2025-08-06 12:51:19,007 - WARNING - Failed to insert book: table books has no column named year
2025-08-06 12:51:19,007 - WARNING - Failed to insert book: table books has no column named year
2025-08-06 12:51:19,007 - WARNING - Failed to insert book: table books has no column named year
2025-08-06 12:51:19,007 - WARNING - Failed to insert book: table books has no column named year
2025-08-06 12:51:19,008 - WARNING - Failed to insert book: table books has no column named year
2025-08-06 12:51:19,008 - WARNING - Failed to insert book: table books has no column named year
2025-08-06 12:51:19,008 - WARNING - Failed to insert book: table books has no column named year
2025-08-06 12:51:19,008 - WARNING - Failed to insert book: table books has no column named year
2025-08-06 12:51:19,008 - WARNING - Failed to insert book: table books has no column named year
2025-08-06 12:51:19,008 - WARNING - Failed to insert book: table books has no column named year
2025-08-06 12:51:19,008 - WARNING - Failed to insert book: table books has no column named year
2025-08-06 12:51:19,008 - WARNING - Failed to insert book: table books has no column named year
2025-08-06 12:51:19,008 - WARNING - Failed to insert book: table books has no column named year
